-------------------------------------------------------------------------------
Test set: br.com.cwi.restassuredapitest.runners.AcceptanceTests
-------------------------------------------------------------------------------
Tests run: 1, Failures: 0, Errors: 1, Skipped: 0, Time elapsed: 5.39 s <<< FAILURE! - in br.com.cwi.restassuredapitest.runners.AcceptanceTests
initializationError(br.com.cwi.restassuredapitest.runners.AcceptanceTests)  Time elapsed: 2.99 s  <<< ERROR!
org.junit.runner.manipulation.NoTestsRemainException

