-------------------------------------------------------------------------------
Test set: br.com.cwi.restassuredapitest.runners.AcceptanceTests
-------------------------------------------------------------------------------
Tests run: 12, Failures: 1, Errors: 0, Skipped: 0, Time elapsed: 44.301 s <<< FAILURE! - in br.com.cwi.restassuredapitest.runners.AcceptanceTests
validadeBookingIdListFilterCheckoutCheckout(br.com.cwi.restassuredapitest.tests.booking.tests.GetBookingTest)  Time elapsed: 0.971 s  <<< FAILURE!
java.lang.AssertionError: 
1 expectation failed.
Expected status code <200> but was <500>.

	at br.com.cwi.restassuredapitest.tests.booking.tests.GetBookingTest.validadeBookingIdListFilterCheckoutCheckout(GetBookingTest.java:160)

