-------------------------------------------------------------------------------
Test set: br.com.cwi.restassuredapitest.runners.AcceptanceTests
-------------------------------------------------------------------------------
Tests run: 1, Failures: 0, Errors: 1, Skipped: 0, Time elapsed: 3.534 s <<< FAILURE! - in br.com.cwi.restassuredapitest.runners.AcceptanceTests
initializationError(br.com.cwi.restassuredapitest.runners.AcceptanceTests)  Time elapsed: 1.66 s  <<< ERROR!
org.junit.runner.manipulation.NoTestsRemainException

