-------------------------------------------------------------------------------
Test set: br.com.cwi.restassuredapitest.runners.SecutityTests
-------------------------------------------------------------------------------
Tests run: 1, Failures: 0, Errors: 1, Skipped: 0, Time elapsed: 0.072 s <<< FAILURE! - in br.com.cwi.restassuredapitest.runners.SecutityTests
initializationError(br.com.cwi.restassuredapitest.runners.SecutityTests)  Time elapsed: 0.019 s  <<< ERROR!
org.junit.runner.manipulation.NoTestsRemainException

